<?xml version="1.0" encoding="UTF-8"?>
<!-- Generated by org.testng.reporters.JUnitXMLReporter -->
<testsuite ignored="1" hostname="DESKTOP-FNMO972" failures="0" tests="3" name="Default test" time="33.559" errors="0" timestamp="2025-01-26T13:26:25 IST">
  <testcase classname="demo.OrangeHRM" name="loginTestwithvalid" time="2.296"/>
  <testcase classname="demo.OrangeHRM" name="addEmployee" time="12.867"/>
  <testcase classname="demo.OrangeHRM" name="search_employee" time="7.303"/>
  <testcase classname="demo.OrangeHRM" name="dologinwithinvalid" time="0.0">
    <ignored/>
  </testcase> <!-- dologinwithinvalid -->
</testsuite> <!-- Default test -->
