<?xml version="1.0" encoding="UTF-8"?>
<!-- Generated by org.testng.reporters.JUnitXMLReporter -->
<testsuite ignored="1" hostname="DESKTOP-FNMO972" failures="0" tests="4" name="Default test" time="49.41" errors="0" timestamp="2025-02-01T12:00:35 IST">
  <testcase classname="demo.OrangeHRM" name="loginTestwithvalid" time="2.764"/>
  <testcase classname="demo.OrangeHRM" name="addEmployee" time="14.656"/>
  <testcase classname="demo.OrangeHRM" name="search_employee" time="8.547"/>
  <testcase classname="demo.OrangeHRM" name="Search_employee_by_id" time="8.392"/>
  <testcase classname="demo.OrangeHRM" name="dologinwithinvalid" time="0.0">
    <ignored/>
  </testcase> <!-- dologinwithinvalid -->
</testsuite> <!-- Default test -->
